<?xml version="1.0" encoding="UTF-8" ?>
<testsuite tests="43" failures="0" name="br.sc.fborges.runners.RunnerTest" time="0.006" errors="0" skipped="0">
  <properties>
    <property name="java.runtime.name" value="Java(TM) SE Runtime Environment"/>
    <property name="cucumber.options" value="-m"/>
    <property name="sun.boot.library.path" value="C:\Program Files\Java\jre1.8.0_181\bin"/>
    <property name="java.vm.version" value="25.181-b13"/>
    <property name="java.vm.vendor" value="Oracle Corporation"/>
    <property name="maven.multiModuleProjectDirectory" value="C:\Users\B155\eclipse-workspace\CursoCucumber"/>
    <property name="java.vendor.url" value="http://java.oracle.com/"/>
    <property name="path.separator" value=";"/>
    <property name="guice.disable.misplaced.annotation.check" value="true"/>
    <property name="java.vm.name" value="Java HotSpot(TM) 64-Bit Server VM"/>
    <property name="file.encoding.pkg" value="sun.io"/>
    <property name="user.script" value=""/>
    <property name="user.country" value="BR"/>
    <property name="sun.java.launcher" value="SUN_STANDARD"/>
    <property name="sun.os.patch.level" value=""/>
    <property name="java.vm.specification.name" value="Java Virtual Machine Specification"/>
    <property name="user.dir" value="C:\Users\B155\eclipse-workspace\CursoCucumber"/>
    <property name="java.runtime.version" value="1.8.0_181-b13"/>
    <property name="java.awt.graphicsenv" value="sun.awt.Win32GraphicsEnvironment"/>
    <property name="java.endorsed.dirs" value="C:\Program Files\Java\jre1.8.0_181\lib\endorsed"/>
    <property name="os.arch" value="amd64"/>
    <property name="java.io.tmpdir" value="C:\Users\B155\AppData\Local\Temp\"/>
    <property name="line.separator" value="
"/>
    <property name="java.vm.specification.vendor" value="Oracle Corporation"/>
    <property name="user.variant" value=""/>
    <property name="os.name" value="Windows 10"/>
    <property name="classworlds.conf" value="C:\Apache\apache-maven-3.6.0\bin\..\bin\m2.conf"/>
    <property name="sun.jnu.encoding" value="Cp1252"/>
    <property name="java.library.path" value="C:\Program Files (x86)\Common Files\Oracle\Java\javapath;C:\Windows\Sun\Java\bin;C:\Windows\system32;C:\Windows;C:\Users\B155\CMDER\bin;C:\Users\B155\CMDER\vendor\bin;C:\Users\B155\CMDER\vendor\conemu-maximus5\ConEmu\Scripts;C:\Users\B155\CMDER\vendor\conemu-maximus5;C:\Users\B155\CMDER\vendor\conemu-maximus5\ConEmu;C:\Program Files (x86)\Common Files\Oracle\Java\javapath;C:\app\B155\product\11.2.0\client_1\bin;C:\app\B155\product\11.2.0\client_1\bin;C:\Windows\system32;C:\Windows;C:\Windows\System32\Wbem;C:\Windows\System32\WindowsPowerShell\v1.0\;C:\Windows\System32\OpenSSH\;C:\Program Files (x86)\NVIDIA Corporation\PhysX\Common;C:\Program Files\nodejs\;C:\Program Files\Git\cmd;C:\Cmeder\bin;C:\Program Files\PuTTY\;C:\Apache\apache-maven-3.6.0\bin;C:\Users\B155\CMDER\bin;C:\Users\B155\AppData\Local\Microsoft\WindowsApps;C:\Users\B155\AppData\Roaming\npm;C:\Users\B155\AppData\Local\Programs\Microsoft VS Code\bin;C:\Program Files\Git\cmd;C:\Program Files\Git\mingw64\bin;C:\Program Files\Git\usr\bin;C:\Users\B155\CMDER;."/>
    <property name="maven.conf" value="C:\Apache\apache-maven-3.6.0\bin\../conf"/>
    <property name="java.specification.name" value="Java Platform API Specification"/>
    <property name="java.class.version" value="52.0"/>
    <property name="sun.management.compiler" value="HotSpot 64-Bit Tiered Compilers"/>
    <property name="os.version" value="10.0"/>
    <property name="library.jansi.path" value="C:\Apache\apache-maven-3.6.0\bin\..\lib\jansi-native"/>
    <property name="user.home" value="C:\Users\B155"/>
    <property name="user.timezone" value="America/Sao_Paulo"/>
    <property name="java.awt.printerjob" value="sun.awt.windows.WPrinterJob"/>
    <property name="java.specification.version" value="1.8"/>
    <property name="file.encoding" value="Cp1252"/>
    <property name="user.name" value="B155"/>
    <property name="java.class.path" value="C:\Apache\apache-maven-3.6.0\bin\..\boot\plexus-classworlds-2.5.2.jar"/>
    <property name="java.vm.specification.version" value="1.8"/>
    <property name="sun.arch.data.model" value="64"/>
    <property name="java.home" value="C:\Program Files\Java\jre1.8.0_181"/>
    <property name="sun.java.command" value="org.codehaus.plexus.classworlds.launcher.Launcher test -Dcucumber.options=-m"/>
    <property name="java.specification.vendor" value="Oracle Corporation"/>
    <property name="user.language" value="pt"/>
    <property name="awt.toolkit" value="sun.awt.windows.WToolkit"/>
    <property name="java.vm.info" value="mixed mode"/>
    <property name="java.version" value="1.8.0_181"/>
    <property name="java.ext.dirs" value="C:\Program Files\Java\jre1.8.0_181\lib\ext;C:\Windows\Sun\Java\lib\ext"/>
    <property name="sun.boot.class.path" value="C:\Program Files\Java\jre1.8.0_181\lib\resources.jar;C:\Program Files\Java\jre1.8.0_181\lib\rt.jar;C:\Program Files\Java\jre1.8.0_181\lib\sunrsasign.jar;C:\Program Files\Java\jre1.8.0_181\lib\jsse.jar;C:\Program Files\Java\jre1.8.0_181\lib\jce.jar;C:\Program Files\Java\jre1.8.0_181\lib\charsets.jar;C:\Program Files\Java\jre1.8.0_181\lib\jfr.jar;C:\Program Files\Java\jre1.8.0_181\classes"/>
    <property name="sun.stderr.encoding" value="cp850"/>
    <property name="java.vendor" value="Oracle Corporation"/>
    <property name="maven.home" value="C:\Apache\apache-maven-3.6.0\bin\.."/>
    <property name="file.separator" value="\"/>
    <property name="java.vendor.url.bug" value="http://bugreport.sun.com/bugreport/"/>
    <property name="sun.cpu.endian" value="little"/>
    <property name="sun.io.unicode.encoding" value="UnicodeLittle"/>
    <property name="sun.stdout.encoding" value="cp850"/>
    <property name="sun.desktop" value="windows"/>
    <property name="sun.cpu.isalist" value="amd64"/>
  </properties>
  <testcase classname="Cenário: Deve alugar um filme com sucesso" name="Dado um filme" time="0.003"/>
  <testcase classname="Cenário: Deve alugar um filme com sucesso" name="Quando alugar" time="0"/>
  <testcase classname="Cenário: Deve alugar um filme com sucesso" name="Então o preço do aluguel será R$ 3" time="0"/>
  <testcase classname="Cenário: Deve alugar um filme com sucesso" name="E a data de entrega será em 1 dia" time="0"/>
  <testcase classname="Cenário: Deve alugar um filme com sucesso" name="E o estoque do filme será 1 unidade" time="0"/>
  <testcase classname="Cenário: Deve alugar um filme com sucesso" name="Cenário: Deve alugar um filme com sucesso" time="0.002"/>
  <testcase classname="Cenário: Não deve alugar filme sem estoque" name="Dado um filme com estoque de 0 unidades" time="0"/>
  <testcase classname="Cenário: Não deve alugar filme sem estoque" name="Quando alugar" time="0"/>
  <testcase classname="Cenário: Não deve alugar filme sem estoque" name="Então não será possível por falta de estoque" time="0"/>
  <testcase classname="Cenário: Não deve alugar filme sem estoque" name="E o estoque do filme será 0 unidade" time="0"/>
  <testcase classname="Cenário: Não deve alugar filme sem estoque" name="Cenário: Não deve alugar filme sem estoque" time="0"/>
  <testcase classname="| 4 | extendido | 8 | 3 | 2 |" name="Dado um filme com estoque de 2 unidades" time="0"/>
  <testcase classname="| 4 | extendido | 8 | 3 | 2 |" name="E que o preço do aluguel seja R$ 4" time="0"/>
  <testcase classname="| 4 | extendido | 8 | 3 | 2 |" name="E que o tipo do aluguel seja extendido" time="0"/>
  <testcase classname="| 4 | extendido | 8 | 3 | 2 |" name="Quando alugar" time="0"/>
  <testcase classname="| 4 | extendido | 8 | 3 | 2 |" name="Então o preço do aluguel será R$ 8" time="0"/>
  <testcase classname="| 4 | extendido | 8 | 3 | 2 |" name="E a data de entrega será em 3 dias" time="0"/>
  <testcase classname="| 4 | extendido | 8 | 3 | 2 |" name="E a pontuação será de 2 pontos" time="0"/>
  <testcase classname="| 4 | extendido | 8 | 3 | 2 |" name="| 4 | extendido | 8 | 3 | 2 |" time="0"/>
  <testcase classname="| 4 | comum | 4 | 1 | 1 |" name="Dado um filme com estoque de 2 unidades" time="0"/>
  <testcase classname="| 4 | comum | 4 | 1 | 1 |" name="E que o preço do aluguel seja R$ 4" time="0"/>
  <testcase classname="| 4 | comum | 4 | 1 | 1 |" name="E que o tipo do aluguel seja comum" time="0"/>
  <testcase classname="| 4 | comum | 4 | 1 | 1 |" name="Quando alugar" time="0"/>
  <testcase classname="| 4 | comum | 4 | 1 | 1 |" name="Então o preço do aluguel será R$ 4" time="0.001"/>
  <testcase classname="| 4 | comum | 4 | 1 | 1 |" name="E a data de entrega será em 1 dias" time="0"/>
  <testcase classname="| 4 | comum | 4 | 1 | 1 |" name="E a pontuação será de 1 pontos" time="0"/>
  <testcase classname="| 4 | comum | 4 | 1 | 1 |" name="| 4 | comum | 4 | 1 | 1 |" time="0"/>
  <testcase classname="| 10 | extendido | 20 | 3 | 2 |" name="Dado um filme com estoque de 2 unidades" time="0"/>
  <testcase classname="| 10 | extendido | 20 | 3 | 2 |" name="E que o preço do aluguel seja R$ 10" time="0"/>
  <testcase classname="| 10 | extendido | 20 | 3 | 2 |" name="E que o tipo do aluguel seja extendido" time="0"/>
  <testcase classname="| 10 | extendido | 20 | 3 | 2 |" name="Quando alugar" time="0"/>
  <testcase classname="| 10 | extendido | 20 | 3 | 2 |" name="Então o preço do aluguel será R$ 20" time="0"/>
  <testcase classname="| 10 | extendido | 20 | 3 | 2 |" name="E a data de entrega será em 3 dias" time="0"/>
  <testcase classname="| 10 | extendido | 20 | 3 | 2 |" name="E a pontuação será de 2 pontos" time="0"/>
  <testcase classname="| 10 | extendido | 20 | 3 | 2 |" name="| 10 | extendido | 20 | 3 | 2 |" time="0"/>
  <testcase classname="| 5 | semanal | 15 | 7 | 3 |" name="Dado um filme com estoque de 2 unidades" time="0"/>
  <testcase classname="| 5 | semanal | 15 | 7 | 3 |" name="E que o preço do aluguel seja R$ 5" time="0"/>
  <testcase classname="| 5 | semanal | 15 | 7 | 3 |" name="E que o tipo do aluguel seja semanal" time="0"/>
  <testcase classname="| 5 | semanal | 15 | 7 | 3 |" name="Quando alugar" time="0"/>
  <testcase classname="| 5 | semanal | 15 | 7 | 3 |" name="Então o preço do aluguel será R$ 15" time="0"/>
  <testcase classname="| 5 | semanal | 15 | 7 | 3 |" name="E a data de entrega será em 7 dias" time="0"/>
  <testcase classname="| 5 | semanal | 15 | 7 | 3 |" name="E a pontuação será de 3 pontos" time="0"/>
  <testcase classname="| 5 | semanal | 15 | 7 | 3 |" name="| 5 | semanal | 15 | 7 | 3 |" time="0"/>
</testsuite>